This is pdfTeX, Version 3.141592653-2.6-1.40.22 (TeX Live 2022/dev/Debian) (preloaded format=pdflatex 2024.5.26)  2 JUL 2024 17:28
entering extended mode
 \write18 enabled.
 %&-line parsing enabled.
**slide.tex
(./slide.tex
LaTeX2e <2021-11-15> patch level 1
L3 programming layer <2022-01-21>
(/usr/share/texlive/texmf-dist/tex/latex/beamer/beamer.cls
Document Class: beamer 2022/01/21 v3.65 A class for typesetting presentations
(/usr/share/texlive/texmf-dist/tex/latex/beamer/beamerbasemodes.sty
(/usr/share/texlive/texmf-dist/tex/latex/etoolbox/etoolbox.sty
Package: etoolbox 2020/10/05 v2.5k e-TeX tools for LaTeX (JAW)
\etb@tempcnta=\count185
)
\beamer@tempbox=\box50
\beamer@tempcount=\count186
\c@beamerpauses=\count187

(/usr/share/texlive/texmf-dist/tex/latex/beamer/beamerbasedecode.sty
\beamer@slideinframe=\count188
\beamer@minimum=\count189
\beamer@decode@box=\box51
)
\beamer@commentbox=\box52
\beamer@modecount=\count190
)
(/usr/share/texlive/texmf-dist/tex/generic/iftex/ifpdf.sty
Package: ifpdf 2019/10/25 v3.4 ifpdf legacy package. Use iftex instead.

(/usr/share/texlive/texmf-dist/tex/generic/iftex/iftex.sty
Package: iftex 2020/03/06 v1.0d TeX engine tests
))
\headdp=\dimen138
\footheight=\dimen139
\sidebarheight=\dimen140
\beamer@tempdim=\dimen141
\beamer@finalheight=\dimen142
\beamer@animht=\dimen143
\beamer@animdp=\dimen144
\beamer@animwd=\dimen145
\beamer@leftmargin=\dimen146
\beamer@rightmargin=\dimen147
\beamer@leftsidebar=\dimen148
\beamer@rightsidebar=\dimen149
\beamer@boxsize=\dimen150
\beamer@vboxoffset=\dimen151
\beamer@descdefault=\dimen152
\beamer@descriptionwidth=\dimen153
\beamer@lastskip=\skip47
\beamer@areabox=\box53
\beamer@animcurrent=\box54
\beamer@animshowbox=\box55
\beamer@sectionbox=\box56
\beamer@logobox=\box57
\beamer@linebox=\box58
\beamer@sectioncount=\count191
\beamer@subsubsectionmax=\count192
\beamer@subsectionmax=\count193
\beamer@sectionmax=\count194
\beamer@totalheads=\count195
\beamer@headcounter=\count196
\beamer@partstartpage=\count197
\beamer@sectionstartpage=\count198
\beamer@subsectionstartpage=\count199
\beamer@animationtempa=\count266
\beamer@animationtempb=\count267
\beamer@xpos=\count268
\beamer@ypos=\count269
\beamer@ypos@offset=\count270
\beamer@showpartnumber=\count271
\beamer@currentsubsection=\count272
\beamer@coveringdepth=\count273
\beamer@sectionadjust=\count274
\beamer@toclastsection=\count275
\beamer@tocsectionnumber=\count276

(/usr/share/texlive/texmf-dist/tex/latex/beamer/beamerbaseoptions.sty
(/usr/share/texlive/texmf-dist/tex/latex/graphics/keyval.sty
Package: keyval 2014/10/28 v1.15 key=value parser (DPC)
\KV@toks@=\toks16
))
\beamer@paperwidth=\skip48
\beamer@paperheight=\skip49

(/usr/share/texlive/texmf-dist/tex/latex/geometry/geometry.sty
Package: geometry 2020/01/02 v5.9 Page Geometry

(/usr/share/texlive/texmf-dist/tex/generic/iftex/ifvtex.sty
Package: ifvtex 2019/10/25 v1.7 ifvtex legacy package. Use iftex instead.
)
\Gm@cnth=\count277
\Gm@cntv=\count278
\c@Gm@tempcnt=\count279
\Gm@bindingoffset=\dimen154
\Gm@wd@mp=\dimen155
\Gm@odd@mp=\dimen156
\Gm@even@mp=\dimen157
\Gm@layoutwidth=\dimen158
\Gm@layoutheight=\dimen159
\Gm@layouthoffset=\dimen160
\Gm@layoutvoffset=\dimen161
\Gm@dimlist=\toks17
)
(/usr/share/texlive/texmf-dist/tex/latex/pgf/basiclayer/pgfcore.sty
(/usr/share/texlive/texmf-dist/tex/latex/graphics/graphicx.sty
Package: graphicx 2021/09/16 v1.2d Enhanced LaTeX Graphics (DPC,SPQR)

(/usr/share/texlive/texmf-dist/tex/latex/graphics/graphics.sty
Package: graphics 2021/03/04 v1.4d Standard LaTeX Graphics (DPC,SPQR)

(/usr/share/texlive/texmf-dist/tex/latex/graphics/trig.sty
Package: trig 2021/08/11 v1.11 sin cos tan (DPC)
)
(/usr/share/texlive/texmf-dist/tex/latex/graphics-cfg/graphics.cfg
File: graphics.cfg 2016/06/04 v1.11 sample graphics configuration
)
Package graphics Info: Driver file: pdftex.def on input line 107.

(/usr/share/texlive/texmf-dist/tex/latex/graphics-def/pdftex.def
File: pdftex.def 2020/10/05 v1.2a Graphics/color driver for pdftex
))
\Gin@req@height=\dimen162
\Gin@req@width=\dimen163
)
(/usr/share/texlive/texmf-dist/tex/latex/pgf/systemlayer/pgfsys.sty
(/usr/share/texlive/texmf-dist/tex/latex/pgf/utilities/pgfrcs.sty
(/usr/share/texlive/texmf-dist/tex/generic/pgf/utilities/pgfutil-common.tex
\pgfutil@everybye=\toks18
\pgfutil@tempdima=\dimen164
\pgfutil@tempdimb=\dimen165

(/usr/share/texlive/texmf-dist/tex/generic/pgf/utilities/pgfutil-common-lists.t
ex)) (/usr/share/texlive/texmf-dist/tex/generic/pgf/utilities/pgfutil-latex.def
\pgfutil@abb=\box59
) (/usr/share/texlive/texmf-dist/tex/generic/pgf/utilities/pgfrcs.code.tex
(/usr/share/texlive/texmf-dist/tex/generic/pgf/pgf.revision.tex)
Package: pgfrcs 2021/05/15 v3.1.9a (3.1.9a)
))
(/usr/share/texlive/texmf-dist/tex/generic/pgf/systemlayer/pgfsys.code.tex
Package: pgfsys 2021/05/15 v3.1.9a (3.1.9a)

(/usr/share/texlive/texmf-dist/tex/generic/pgf/utilities/pgfkeys.code.tex
\pgfkeys@pathtoks=\toks19
\pgfkeys@temptoks=\toks20

(/usr/share/texlive/texmf-dist/tex/generic/pgf/utilities/pgfkeysfiltered.code.t
ex
\pgfkeys@tmptoks=\toks21
))
\pgf@x=\dimen166
\pgf@y=\dimen167
\pgf@xa=\dimen168
\pgf@ya=\dimen169
\pgf@xb=\dimen170
\pgf@yb=\dimen171
\pgf@xc=\dimen172
\pgf@yc=\dimen173
\pgf@xd=\dimen174
\pgf@yd=\dimen175
\w@pgf@writea=\write3
\r@pgf@reada=\read2
\c@pgf@counta=\count280
\c@pgf@countb=\count281
\c@pgf@countc=\count282
\c@pgf@countd=\count283
\t@pgf@toka=\toks22
\t@pgf@tokb=\toks23
\t@pgf@tokc=\toks24
\pgf@sys@id@count=\count284
 (/usr/share/texlive/texmf-dist/tex/generic/pgf/systemlayer/pgf.cfg
File: pgf.cfg 2021/05/15 v3.1.9a (3.1.9a)
)
Driver file for pgf: pgfsys-pdftex.def

(/usr/share/texlive/texmf-dist/tex/generic/pgf/systemlayer/pgfsys-pdftex.def
File: pgfsys-pdftex.def 2021/05/15 v3.1.9a (3.1.9a)

(/usr/share/texlive/texmf-dist/tex/generic/pgf/systemlayer/pgfsys-common-pdf.de
f
File: pgfsys-common-pdf.def 2021/05/15 v3.1.9a (3.1.9a)
)))
(/usr/share/texlive/texmf-dist/tex/generic/pgf/systemlayer/pgfsyssoftpath.code.
tex
File: pgfsyssoftpath.code.tex 2021/05/15 v3.1.9a (3.1.9a)
\pgfsyssoftpath@smallbuffer@items=\count285
\pgfsyssoftpath@bigbuffer@items=\count286
)
(/usr/share/texlive/texmf-dist/tex/generic/pgf/systemlayer/pgfsysprotocol.code.
tex
File: pgfsysprotocol.code.tex 2021/05/15 v3.1.9a (3.1.9a)
)) (/usr/share/texlive/texmf-dist/tex/latex/xcolor/xcolor.sty
Package: xcolor 2021/10/31 v2.13 LaTeX color extensions (UK)

(/usr/share/texlive/texmf-dist/tex/latex/graphics-cfg/color.cfg
File: color.cfg 2016/01/02 v1.6 sample color configuration
)
Package xcolor Info: Driver file: pdftex.def on input line 227.
Package xcolor Info: Model `cmy' substituted by `cmy0' on input line 1352.
Package xcolor Info: Model `hsb' substituted by `rgb' on input line 1356.
Package xcolor Info: Model `RGB' extended on input line 1368.
Package xcolor Info: Model `HTML' substituted by `rgb' on input line 1370.
Package xcolor Info: Model `Hsb' substituted by `hsb' on input line 1371.
Package xcolor Info: Model `tHsb' substituted by `hsb' on input line 1372.
Package xcolor Info: Model `HSB' substituted by `hsb' on input line 1373.
Package xcolor Info: Model `Gray' substituted by `gray' on input line 1374.
Package xcolor Info: Model `wave' substituted by `hsb' on input line 1375.
)
(/usr/share/texlive/texmf-dist/tex/generic/pgf/basiclayer/pgfcore.code.tex
Package: pgfcore 2021/05/15 v3.1.9a (3.1.9a)

(/usr/share/texlive/texmf-dist/tex/generic/pgf/math/pgfmath.code.tex
(/usr/share/texlive/texmf-dist/tex/generic/pgf/math/pgfmathcalc.code.tex
(/usr/share/texlive/texmf-dist/tex/generic/pgf/math/pgfmathutil.code.tex)
(/usr/share/texlive/texmf-dist/tex/generic/pgf/math/pgfmathparser.code.tex
\pgfmath@dimen=\dimen176
\pgfmath@count=\count287
\pgfmath@box=\box60
\pgfmath@toks=\toks25
\pgfmath@stack@operand=\toks26
\pgfmath@stack@operation=\toks27
)
(/usr/share/texlive/texmf-dist/tex/generic/pgf/math/pgfmathfunctions.code.tex
(/usr/share/texlive/texmf-dist/tex/generic/pgf/math/pgfmathfunctions.basic.code
.tex)
(/usr/share/texlive/texmf-dist/tex/generic/pgf/math/pgfmathfunctions.trigonomet
ric.code.tex)
(/usr/share/texlive/texmf-dist/tex/generic/pgf/math/pgfmathfunctions.random.cod
e.tex)
(/usr/share/texlive/texmf-dist/tex/generic/pgf/math/pgfmathfunctions.comparison
.code.tex)
(/usr/share/texlive/texmf-dist/tex/generic/pgf/math/pgfmathfunctions.base.code.
tex)
(/usr/share/texlive/texmf-dist/tex/generic/pgf/math/pgfmathfunctions.round.code
.tex)
(/usr/share/texlive/texmf-dist/tex/generic/pgf/math/pgfmathfunctions.misc.code.
tex)
(/usr/share/texlive/texmf-dist/tex/generic/pgf/math/pgfmathfunctions.integerari
thmetics.code.tex)))
(/usr/share/texlive/texmf-dist/tex/generic/pgf/math/pgfmathfloat.code.tex
\c@pgfmathroundto@lastzeros=\count288
))
(/usr/share/texlive/texmf-dist/tex/generic/pgf/math/pgfint.code.tex)
(/usr/share/texlive/texmf-dist/tex/generic/pgf/basiclayer/pgfcorepoints.code.te
x
File: pgfcorepoints.code.tex 2021/05/15 v3.1.9a (3.1.9a)
\pgf@picminx=\dimen177
\pgf@picmaxx=\dimen178
\pgf@picminy=\dimen179
\pgf@picmaxy=\dimen180
\pgf@pathminx=\dimen181
\pgf@pathmaxx=\dimen182
\pgf@pathminy=\dimen183
\pgf@pathmaxy=\dimen184
\pgf@xx=\dimen185
\pgf@xy=\dimen186
\pgf@yx=\dimen187
\pgf@yy=\dimen188
\pgf@zx=\dimen189
\pgf@zy=\dimen190
)
(/usr/share/texlive/texmf-dist/tex/generic/pgf/basiclayer/pgfcorepathconstruct.
code.tex
File: pgfcorepathconstruct.code.tex 2021/05/15 v3.1.9a (3.1.9a)
\pgf@path@lastx=\dimen191
\pgf@path@lasty=\dimen192
)
(/usr/share/texlive/texmf-dist/tex/generic/pgf/basiclayer/pgfcorepathusage.code
.tex
File: pgfcorepathusage.code.tex 2021/05/15 v3.1.9a (3.1.9a)
\pgf@shorten@end@additional=\dimen193
\pgf@shorten@start@additional=\dimen194
)
(/usr/share/texlive/texmf-dist/tex/generic/pgf/basiclayer/pgfcorescopes.code.te
x
File: pgfcorescopes.code.tex 2021/05/15 v3.1.9a (3.1.9a)
\pgfpic=\box61
\pgf@hbox=\box62
\pgf@layerbox@main=\box63
\pgf@picture@serial@count=\count289
)
(/usr/share/texlive/texmf-dist/tex/generic/pgf/basiclayer/pgfcoregraphicstate.c
ode.tex
File: pgfcoregraphicstate.code.tex 2021/05/15 v3.1.9a (3.1.9a)
\pgflinewidth=\dimen195
)
(/usr/share/texlive/texmf-dist/tex/generic/pgf/basiclayer/pgfcoretransformation
s.code.tex
File: pgfcoretransformations.code.tex 2021/05/15 v3.1.9a (3.1.9a)
\pgf@pt@x=\dimen196
\pgf@pt@y=\dimen197
\pgf@pt@temp=\dimen198
)
(/usr/share/texlive/texmf-dist/tex/generic/pgf/basiclayer/pgfcorequick.code.tex
File: pgfcorequick.code.tex 2021/05/15 v3.1.9a (3.1.9a)
)
(/usr/share/texlive/texmf-dist/tex/generic/pgf/basiclayer/pgfcoreobjects.code.t
ex
File: pgfcoreobjects.code.tex 2021/05/15 v3.1.9a (3.1.9a)
)
(/usr/share/texlive/texmf-dist/tex/generic/pgf/basiclayer/pgfcorepathprocessing
.code.tex
File: pgfcorepathprocessing.code.tex 2021/05/15 v3.1.9a (3.1.9a)
)
(/usr/share/texlive/texmf-dist/tex/generic/pgf/basiclayer/pgfcorearrows.code.te
x
File: pgfcorearrows.code.tex 2021/05/15 v3.1.9a (3.1.9a)
\pgfarrowsep=\dimen199
)
(/usr/share/texlive/texmf-dist/tex/generic/pgf/basiclayer/pgfcoreshade.code.tex
File: pgfcoreshade.code.tex 2021/05/15 v3.1.9a (3.1.9a)
\pgf@max=\dimen256
\pgf@sys@shading@range@num=\count290
\pgf@shadingcount=\count291
)
(/usr/share/texlive/texmf-dist/tex/generic/pgf/basiclayer/pgfcoreimage.code.tex
File: pgfcoreimage.code.tex 2021/05/15 v3.1.9a (3.1.9a)

(/usr/share/texlive/texmf-dist/tex/generic/pgf/basiclayer/pgfcoreexternal.code.
tex
File: pgfcoreexternal.code.tex 2021/05/15 v3.1.9a (3.1.9a)
\pgfexternal@startupbox=\box64
))
(/usr/share/texlive/texmf-dist/tex/generic/pgf/basiclayer/pgfcorelayers.code.te
x
File: pgfcorelayers.code.tex 2021/05/15 v3.1.9a (3.1.9a)
)
(/usr/share/texlive/texmf-dist/tex/generic/pgf/basiclayer/pgfcoretransparency.c
ode.tex
File: pgfcoretransparency.code.tex 2021/05/15 v3.1.9a (3.1.9a)
)
(/usr/share/texlive/texmf-dist/tex/generic/pgf/basiclayer/pgfcorepatterns.code.
tex
File: pgfcorepatterns.code.tex 2021/05/15 v3.1.9a (3.1.9a)
)
(/usr/share/texlive/texmf-dist/tex/generic/pgf/basiclayer/pgfcorerdf.code.tex
File: pgfcorerdf.code.tex 2021/05/15 v3.1.9a (3.1.9a)
))) (/usr/share/texlive/texmf-dist/tex/latex/base/size11.clo
File: size11.clo 2021/10/04 v1.4n Standard LaTeX file (size option)
)
(/usr/share/texlive/texmf-dist/tex/latex/pgf/utilities/xxcolor.sty
Package: xxcolor 2003/10/24 ver 0.1
\XC@nummixins=\count292
\XC@countmixins=\count293
)
(/usr/share/texlive/texmf-dist/tex/latex/base/atbegshi-ltx.sty
Package: atbegshi-ltx 2021/01/10 v1.0c Emulation of the original atbegshi
package with kernel methods
)
(/usr/share/texlive/texmf-dist/tex/latex/hyperref/hyperref.sty
Package: hyperref 2021-06-07 v7.00m Hypertext links for LaTeX

(/usr/share/texlive/texmf-dist/tex/generic/ltxcmds/ltxcmds.sty
Package: ltxcmds 2020-05-10 v1.25 LaTeX kernel commands for general use (HO)
)
(/usr/share/texlive/texmf-dist/tex/generic/pdftexcmds/pdftexcmds.sty
Package: pdftexcmds 2020-06-27 v0.33 Utility functions of pdfTeX for LuaTeX (HO
)

(/usr/share/texlive/texmf-dist/tex/generic/infwarerr/infwarerr.sty
Package: infwarerr 2019/12/03 v1.5 Providing info/warning/error messages (HO)
)
Package pdftexcmds Info: \pdf@primitive is available.
Package pdftexcmds Info: \pdf@ifprimitive is available.
Package pdftexcmds Info: \pdfdraftmode found.
)
(/usr/share/texlive/texmf-dist/tex/generic/kvsetkeys/kvsetkeys.sty
Package: kvsetkeys 2019/12/15 v1.18 Key value parser (HO)
)
(/usr/share/texlive/texmf-dist/tex/generic/kvdefinekeys/kvdefinekeys.sty
Package: kvdefinekeys 2019-12-19 v1.6 Define keys (HO)
)
(/usr/share/texlive/texmf-dist/tex/generic/pdfescape/pdfescape.sty
Package: pdfescape 2019/12/09 v1.15 Implements pdfTeX's escape features (HO)
)
(/usr/share/texlive/texmf-dist/tex/latex/hycolor/hycolor.sty
Package: hycolor 2020-01-27 v1.10 Color options for hyperref/bookmark (HO)
)
(/usr/share/texlive/texmf-dist/tex/latex/letltxmacro/letltxmacro.sty
Package: letltxmacro 2019/12/03 v1.6 Let assignment for LaTeX macros (HO)
)
(/usr/share/texlive/texmf-dist/tex/latex/auxhook/auxhook.sty
Package: auxhook 2019-12-17 v1.6 Hooks for auxiliary files (HO)
)
(/usr/share/texlive/texmf-dist/tex/latex/kvoptions/kvoptions.sty
Package: kvoptions 2020-10-07 v3.14 Key value format for package options (HO)
)
\@linkdim=\dimen257
\Hy@linkcounter=\count294
\Hy@pagecounter=\count295

(/usr/share/texlive/texmf-dist/tex/latex/hyperref/pd1enc.def
File: pd1enc.def 2021-06-07 v7.00m Hyperref: PDFDocEncoding definition (HO)
Now handling font encoding PD1 ...
... no UTF-8 mapping file for font encoding PD1
)
(/usr/share/texlive/texmf-dist/tex/latex/hyperref/hyperref-langpatches.def
File: hyperref-langpatches.def 2021-06-07 v7.00m Hyperref: patches for babel la
nguages
)
(/usr/share/texlive/texmf-dist/tex/generic/intcalc/intcalc.sty
Package: intcalc 2019/12/15 v1.3 Expandable calculations with integers (HO)
)
(/usr/share/texlive/texmf-dist/tex/generic/etexcmds/etexcmds.sty
Package: etexcmds 2019/12/15 v1.7 Avoid name clashes with e-TeX commands (HO)
)
\Hy@SavedSpaceFactor=\count296

(/usr/share/texlive/texmf-dist/tex/latex/hyperref/puenc.def
File: puenc.def 2021-06-07 v7.00m Hyperref: PDF Unicode definition (HO)
Now handling font encoding PU ...
... no UTF-8 mapping file for font encoding PU
)
Package hyperref Info: Option `bookmarks' set `true' on input line 4073.
Package hyperref Info: Option `bookmarksopen' set `true' on input line 4073.
Package hyperref Info: Option `implicit' set `false' on input line 4073.
Package hyperref Info: Hyper figures OFF on input line 4192.
Package hyperref Info: Link nesting OFF on input line 4197.
Package hyperref Info: Hyper index ON on input line 4200.
Package hyperref Info: Plain pages OFF on input line 4207.
Package hyperref Info: Backreferencing OFF on input line 4212.
Package hyperref Info: Implicit mode OFF; no redefinition of LaTeX internals.
Package hyperref Info: Bookmarks ON on input line 4445.
\c@Hy@tempcnt=\count297

(/usr/share/texlive/texmf-dist/tex/latex/url/url.sty
\Urlmuskip=\muskip16
Package: url 2013/09/16  ver 3.4  Verb mode for urls, etc.
)
LaTeX Info: Redefining \url on input line 4804.
\XeTeXLinkMargin=\dimen258

(/usr/share/texlive/texmf-dist/tex/generic/bitset/bitset.sty
Package: bitset 2019/12/09 v1.3 Handle bit-vector datatype (HO)

(/usr/share/texlive/texmf-dist/tex/generic/bigintcalc/bigintcalc.sty
Package: bigintcalc 2019/12/15 v1.5 Expandable calculations on big integers (HO
)
))
\Fld@menulength=\count298
\Field@Width=\dimen259
\Fld@charsize=\dimen260
Package hyperref Info: Hyper figures OFF on input line 6076.
Package hyperref Info: Link nesting OFF on input line 6081.
Package hyperref Info: Hyper index ON on input line 6084.
Package hyperref Info: backreferencing OFF on input line 6091.
Package hyperref Info: Link coloring OFF on input line 6096.
Package hyperref Info: Link coloring with OCG OFF on input line 6101.
Package hyperref Info: PDF/A mode OFF on input line 6106.
LaTeX Info: Redefining \ref on input line 6146.
LaTeX Info: Redefining \pageref on input line 6150.
\Hy@abspage=\count299


Package hyperref Message: Stopped early.

)
Package hyperref Info: Driver (autodetected): hpdftex.
 (/usr/share/texlive/texmf-dist/tex/latex/hyperref/hpdftex.def
File: hpdftex.def 2021-06-07 v7.00m Hyperref driver for pdfTeX

(/usr/share/texlive/texmf-dist/tex/latex/base/atveryend-ltx.sty
Package: atveryend-ltx 2020/08/19 v1.0a Emulation of the original atveryend pac
kage
with kernel methods
)
\Fld@listcount=\count300
\c@bookmark@seq@number=\count301

(/usr/share/texlive/texmf-dist/tex/latex/rerunfilecheck/rerunfilecheck.sty
Package: rerunfilecheck 2019/12/05 v1.9 Rerun checks for auxiliary files (HO)

(/usr/share/texlive/texmf-dist/tex/generic/uniquecounter/uniquecounter.sty
Package: uniquecounter 2019/12/15 v1.4 Provide unlimited unique counter (HO)
)
Package uniquecounter Info: New unique counter `rerunfilecheck' on input line 2
86.
))
(/usr/share/texlive/texmf-dist/tex/latex/beamer/beamerbaserequires.sty
(/usr/share/texlive/texmf-dist/tex/latex/beamer/beamerbasecompatibility.sty)
(/usr/share/texlive/texmf-dist/tex/latex/beamer/beamerbasefont.sty
(/usr/share/texlive/texmf-dist/tex/latex/amsfonts/amssymb.sty
Package: amssymb 2013/01/14 v3.01 AMS font symbols

(/usr/share/texlive/texmf-dist/tex/latex/amsfonts/amsfonts.sty
Package: amsfonts 2013/01/14 v3.01 Basic AMSFonts support
\@emptytoks=\toks28
\symAMSa=\mathgroup4
\symAMSb=\mathgroup5
LaTeX Font Info:    Redeclaring math symbol \hbar on input line 98.
LaTeX Font Info:    Overwriting math alphabet `\mathfrak' in version `bold'
(Font)                  U/euf/m/n --> U/euf/b/n on input line 106.
))
(/usr/share/texlive/texmf-dist/tex/latex/sansmathaccent/sansmathaccent.sty
Package: sansmathaccent 2020/01/31

(/usr/share/texlive/texmf-dist/tex/latex/koma-script/scrlfile.sty
Package: scrlfile 2021/11/13 v3.35 KOMA-Script package (file load hooks)

(/usr/share/texlive/texmf-dist/tex/latex/koma-script/scrlfile-hook.sty
Package: scrlfile-hook 2021/11/13 v3.35 KOMA-Script package (using LaTeX hooks)


(/usr/share/texlive/texmf-dist/tex/latex/koma-script/scrlogo.sty
Package: scrlogo 2021/11/13 v3.35 KOMA-Script package (logo)
)))))
(/usr/share/texlive/texmf-dist/tex/latex/beamer/beamerbasetranslator.sty
(/usr/share/texlive/texmf-dist/tex/latex/translator/translator.sty
Package: translator 2021-05-31 v1.12d Easy translation of strings in LaTeX
))
(/usr/share/texlive/texmf-dist/tex/latex/beamer/beamerbasemisc.sty)
(/usr/share/texlive/texmf-dist/tex/latex/beamer/beamerbasetwoscreens.sty)
(/usr/share/texlive/texmf-dist/tex/latex/beamer/beamerbaseoverlay.sty
\beamer@argscount=\count302
\beamer@lastskipcover=\skip50
\beamer@trivlistdepth=\count303
)
(/usr/share/texlive/texmf-dist/tex/latex/beamer/beamerbasetitle.sty)
(/usr/share/texlive/texmf-dist/tex/latex/beamer/beamerbasesection.sty
\c@lecture=\count304
\c@part=\count305
\c@section=\count306
\c@subsection=\count307
\c@subsubsection=\count308
)
(/usr/share/texlive/texmf-dist/tex/latex/beamer/beamerbaseframe.sty
\beamer@framebox=\box65
\beamer@frametitlebox=\box66
\beamer@zoombox=\box67
\beamer@zoomcount=\count309
\beamer@zoomframecount=\count310
\beamer@frametextheight=\dimen261
\c@subsectionslide=\count311
\beamer@frametopskip=\skip51
\beamer@framebottomskip=\skip52
\beamer@frametopskipautobreak=\skip53
\beamer@framebottomskipautobreak=\skip54
\beamer@envbody=\toks29
\framewidth=\dimen262
\c@framenumber=\count312
)
(/usr/share/texlive/texmf-dist/tex/latex/beamer/beamerbaseverbatim.sty
\beamer@verbatimfileout=\write4
)
(/usr/share/texlive/texmf-dist/tex/latex/beamer/beamerbaseframesize.sty
\beamer@splitbox=\box68
\beamer@autobreakcount=\count313
\beamer@autobreaklastheight=\dimen263
\beamer@frametitletoks=\toks30
\beamer@framesubtitletoks=\toks31
)
(/usr/share/texlive/texmf-dist/tex/latex/beamer/beamerbaseframecomponents.sty
\beamer@footins=\box69
)
(/usr/share/texlive/texmf-dist/tex/latex/beamer/beamerbasecolor.sty)
(/usr/share/texlive/texmf-dist/tex/latex/beamer/beamerbasenotes.sty
\beamer@frameboxcopy=\box70
)
(/usr/share/texlive/texmf-dist/tex/latex/beamer/beamerbasetoc.sty)
(/usr/share/texlive/texmf-dist/tex/latex/beamer/beamerbasetemplates.sty
\beamer@sbttoks=\toks32

(/usr/share/texlive/texmf-dist/tex/latex/beamer/beamerbaseauxtemplates.sty
(/usr/share/texlive/texmf-dist/tex/latex/beamer/beamerbaseboxes.sty
\bmb@box=\box71
\bmb@colorbox=\box72
\bmb@boxwidth=\dimen264
\bmb@boxheight=\dimen265
\bmb@prevheight=\dimen266
\bmb@temp=\dimen267
\bmb@dima=\dimen268
\bmb@dimb=\dimen269
\bmb@prevheight=\dimen270
)
\beamer@blockheadheight=\dimen271
))
(/usr/share/texlive/texmf-dist/tex/latex/beamer/beamerbaselocalstructure.sty
(/usr/share/texlive/texmf-dist/tex/latex/tools/enumerate.sty
Package: enumerate 2015/07/23 v3.00 enumerate extensions (DPC)
\@enLab=\toks33
)
\beamer@bibiconwidth=\skip55
\c@figure=\count314
\c@table=\count315
\abovecaptionskip=\skip56
\belowcaptionskip=\skip57
)
(/usr/share/texlive/texmf-dist/tex/latex/beamer/beamerbasenavigation.sty
\beamer@section@min@dim=\dimen272
)
(/usr/share/texlive/texmf-dist/tex/latex/beamer/beamerbasetheorems.sty
(/usr/share/texlive/texmf-dist/tex/latex/amsmath/amsmath.sty
Package: amsmath 2021/10/15 v2.17l AMS math features
\@mathmargin=\skip58

For additional information on amsmath, use the `?' option.
(/usr/share/texlive/texmf-dist/tex/latex/amsmath/amstext.sty
Package: amstext 2021/08/26 v2.01 AMS text

(/usr/share/texlive/texmf-dist/tex/latex/amsmath/amsgen.sty
File: amsgen.sty 1999/11/30 v2.0 generic functions
\@emptytoks=\toks34
\ex@=\dimen273
))
(/usr/share/texlive/texmf-dist/tex/latex/amsmath/amsbsy.sty
Package: amsbsy 1999/11/29 v1.2d Bold Symbols
\pmbraise@=\dimen274
)
(/usr/share/texlive/texmf-dist/tex/latex/amsmath/amsopn.sty
Package: amsopn 2021/08/26 v2.02 operator names
)
\inf@bad=\count316
LaTeX Info: Redefining \frac on input line 234.
\uproot@=\count317
\leftroot@=\count318
LaTeX Info: Redefining \overline on input line 399.
\classnum@=\count319
\DOTSCASE@=\count320
LaTeX Info: Redefining \ldots on input line 496.
LaTeX Info: Redefining \dots on input line 499.
LaTeX Info: Redefining \cdots on input line 620.
\Mathstrutbox@=\box73
\strutbox@=\box74
\big@size=\dimen275
LaTeX Font Info:    Redeclaring font encoding OML on input line 743.
LaTeX Font Info:    Redeclaring font encoding OMS on input line 744.
\macc@depth=\count321
\c@MaxMatrixCols=\count322
\dotsspace@=\muskip17
\c@parentequation=\count323
\dspbrk@lvl=\count324
\tag@help=\toks35
\row@=\count325
\column@=\count326
\maxfields@=\count327
\andhelp@=\toks36
\eqnshift@=\dimen276
\alignsep@=\dimen277
\tagshift@=\dimen278
\tagwidth@=\dimen279
\totwidth@=\dimen280
\lineht@=\dimen281
\@envbody=\toks37
\multlinegap=\skip59
\multlinetaggap=\skip60
\mathdisplay@stack=\toks38
LaTeX Info: Redefining \[ on input line 2938.
LaTeX Info: Redefining \] on input line 2939.
)
(/usr/share/texlive/texmf-dist/tex/latex/amscls/amsthm.sty
Package: amsthm 2020/05/29 v2.20.6
\thm@style=\toks39
\thm@bodyfont=\toks40
\thm@headfont=\toks41
\thm@notefont=\toks42
\thm@headpunct=\toks43
\thm@preskip=\skip61
\thm@postskip=\skip62
\thm@headsep=\skip63
\dth@everypar=\toks44
)
\c@theorem=\count328
)
(/usr/share/texlive/texmf-dist/tex/latex/beamer/beamerbasethemes.sty))
(/usr/share/texlive/texmf-dist/tex/latex/beamer/beamerthemedefault.sty
(/usr/share/texlive/texmf-dist/tex/latex/beamer/beamerfontthemedefault.sty)
(/usr/share/texlive/texmf-dist/tex/latex/beamer/beamercolorthemedefault.sty)
(/usr/share/texlive/texmf-dist/tex/latex/beamer/beamerinnerthemedefault.sty
\beamer@dima=\dimen282
\beamer@dimb=\dimen283
)
(/usr/share/texlive/texmf-dist/tex/latex/beamer/beamerouterthemedefault.sty)))
(/usr/share/texlive/texmf-dist/tex/latex/base/fontenc.sty
Package: fontenc 2021/04/29 v2.0v Standard LaTeX package
)
(/usr/share/texlive/texmf-dist/tex/latex/media9/media9.sty
(/usr/share/texlive/texmf-dist/tex/latex/l3packages/l3keys2e/l3keys2e.sty
(/usr/share/texlive/texmf-dist/tex/latex/l3kernel/expl3.sty
Package: expl3 2022-01-21 L3 programming layer (loader) 

(/usr/share/texlive/texmf-dist/tex/latex/l3backend/l3backend-pdftex.def
File: l3backend-pdftex.def 2022-01-12 L3 backend support: PDF output (pdfTeX)
\l__color_backend_stack_int=\count329
\l__pdf_internal_box=\box75
))
Package: l3keys2e 2022-01-12 LaTeX2e option processing using LaTeX3 keys
)
Package: media9 2021/10/18 v1.23 acrobat-9/X compatible media
\g_mix_pkgresizeflag_int=\count330

(/usr/share/texlive/texmf-dist/tex/latex/media9/pdfbase.sty
Package: pdfbase 2021/09/12 v0.53 driver independent access to low-level PDF fe
atures
\g_pbs_page_int=\count331
\g_pbs_oc_int=\count332
)
(/usr/share/texlive/texmf-dist/tex/latex/ocgx2/ocgbase.sty
Package: ocgbase 2021/06/11 v0.20 support package for ocgx2.sty
\g_ocgbase_nd_int=\count333
)
\l_mix_poster_box=\box76
\g_mix_wd_dim=\dimen284
\g_mix_ht_dim=\dimen285
\g_mix_dp_dim=\dimen286
\g_mix_rmcnt_int=\count334
\l_mix_viewcnt_int=\count335
\g@mix@page@int=\count336
\g_mix_resizeflag_int=\count337
\l_mix_lineno_int=\count338
\l_mix_pbtn_box=\box77
\g_mix_mbtncnt_int=\count339
\mix@btn@dim=\dimen287
)
Package hyperref Info: Option `colorlinks' set `true' on input line 11.

(/usr/share/texlive/texmf-dist/tex/latex/base/latexsym.sty
Package: latexsym 1998/08/17 v2.2e Standard LaTeX package (lasy symbols)
\symlasy=\mathgroup6
LaTeX Font Info:    Overwriting symbol font `lasy' in version `bold'
(Font)                  U/lasy/m/n --> U/lasy/b/n on input line 52.
)
(/usr/share/texlive/texmf-dist/tex/latex/tools/multicol.sty
Package: multicol 2021/10/28 v1.9b multicolumn formatting (FMi)
\c@tracingmulticols=\count340
\mult@box=\box78
\multicol@leftmargin=\dimen288
\c@unbalance=\count341
\c@collectmore=\count342
\doublecol@number=\count343
\multicoltolerance=\count344
\multicolpretolerance=\count345
\full@width=\dimen289
\page@free=\dimen290
\premulticols=\dimen291
\postmulticols=\dimen292
\multicolsep=\skip64
\multicolbaselineskip=\skip65
\partial@page=\box79
\last@line=\box80
\maxbalancingoverflow=\dimen293
\mult@rightbox=\box81
\mult@grightbox=\box82
\mult@firstbox=\box83
\mult@gfirstbox=\box84
\@tempa=\box85
\@tempa=\box86
\@tempa=\box87
\@tempa=\box88
\@tempa=\box89
\@tempa=\box90
\@tempa=\box91
\@tempa=\box92
\@tempa=\box93
\@tempa=\box94
\@tempa=\box95
\@tempa=\box96
\@tempa=\box97
\@tempa=\box98
\@tempa=\box99
\@tempa=\box100
\@tempa=\box101
\@tempa=\box102
\@tempa=\box103
\@tempa=\box104
\@tempa=\box105
\@tempa=\box106
\@tempa=\box107
\@tempa=\box108
\@tempa=\box109
\@tempa=\box110
\@tempa=\box111
\@tempa=\box112
\@tempa=\box113
\@tempa=\box114
\@tempa=\box115
\@tempa=\box116
\@tempa=\box117
\@tempa=\box118
\@tempa=\box119
\@tempa=\box120
\c@minrows=\count346
\c@columnbadness=\count347
\c@finalcolumnbadness=\count348
\last@try=\dimen294
\multicolovershoot=\dimen295
\multicolundershoot=\dimen296
\mult@nat@firstbox=\box121
\colbreak@box=\box122
\mc@col@check@num=\count349
)
(/usr/share/texlive/texmf-dist/tex/latex/booktabs/booktabs.sty
Package: booktabs 2020/01/12 v1.61803398 Publication quality tables
\heavyrulewidth=\dimen297
\lightrulewidth=\dimen298
\cmidrulewidth=\dimen299
\belowrulesep=\dimen300
\belowbottomsep=\dimen301
\aboverulesep=\dimen302
\abovetopsep=\dimen303
\cmidrulesep=\dimen304
\cmidrulekern=\dimen305
\defaultaddspace=\dimen306
\@cmidla=\count350
\@cmidlb=\count351
\@aboverulesep=\dimen307
\@belowrulesep=\dimen308
\@thisruleclass=\count352
\@lastruleclass=\count353
\@thisrulewidth=\dimen309
)
(/usr/share/texlive/texmf-dist/tex/latex/fundus-calligra/calligra.sty
Package: calligra 2012/04/10 v1.9 LaTeX package calligra
)
(/usr/share/texlive/texmf-dist/tex/latex/pstricks/pstricks.sty
Package: pstricks 2021/08/23 v0.71 LaTeX wrapper for `PSTricks' (RN,HV)

(/usr/share/texlive/texmf-dist/tex/generic/xkeyval/pst-xkey.tex
File: pst-xkey.tex 2005/11/25 v1.6 PSTricks specialization of xkeyval (HA)

(/usr/share/texlive/texmf-dist/tex/latex/xkeyval/xkeyval.sty
Package: xkeyval 2020/11/20 v2.8 package option processing (HA)

(/usr/share/texlive/texmf-dist/tex/generic/xkeyval/xkeyval.tex
(/usr/share/texlive/texmf-dist/tex/generic/xkeyval/xkvutils.tex
\XKV@toks=\toks45
\XKV@tempa@toks=\toks46
)
\XKV@depth=\count354
File: xkeyval.tex 2014/12/03 v2.7a key=value parser (HA)
)))
(/usr/share/texlive/texmf-dist/tex/generic/pstricks/pstricks.tex
(/usr/share/texlive/texmf-dist/tex/generic/pstricks/pst-fp.tex
`pst-fp' v0.06, 2020/11/20 (hv)
\pstFP@xs=\count355
\pstFP@xia=\count356
\pstFP@xib=\count357
\pstFP@xfa=\count358
\pstFP@xfb=\count359
\pstFP@rega=\count360
\pstFP@regb=\count361
\pstFP@regs=\count362
\pstFP@times=\count363
)
\psLoopIndex=\count364

`PSTricks' v3.13  <2022/01/09> (tvz,hv)
\pst@dima=\dimen310
\pst@dimb=\dimen311
\pst@dimc=\dimen312
\pst@dimd=\dimen313
\pst@dimg=\dimen314
\pst@dimh=\dimen315
\pst@dimm=\dimen316
\pst@dimn=\dimen317
\pst@dimo=\dimen318
\pst@dimp=\dimen319
\pst@hbox=\box123
\pst@ibox=\box124
\pst@boxg=\box125
\pst@cnta=\count365
\pst@cntb=\count366
\pst@cntc=\count367
\pst@cntd=\count368
\pst@cntg=\count369
\pst@cnth=\count370
\pst@cntm=\count371
\pst@cntn=\count372
\pst@cnto=\count373
\pst@cntp=\count374
\@zero=\count375
\pst@toks=\toks47
--- We are running latex or xelatex ---
(/usr/share/texlive/texmf-dist/tex/generic/pstricks/pstricks.con)
(/usr/share/texlive/texmf-dist/tex/generic/pstricks/pstricks-color.tex)
\psunit=\dimen320
\psxunit=\dimen321
\psyunit=\dimen322
\pst@C@@rType=\count376
\pslinewidth=\dimen323
\psk@startLW=\dimen324
\psk@endLW=\dimen325

(/usr/share/texlive/texmf-dist/tex/generic/pstricks/pstricks-arrows.tex
\pshooklength=\dimen326
\pshookwidth=\dimen327
)
\pst@customdefs=\toks48

(/usr/share/texlive/texmf-dist/tex/generic/pstricks/pstricks-dots.tex)
\pslinearc=\dimen328
\pst@symbolStep=\dimen329
\pst@symbolWidth=\dimen330
\pst@symbolLinewidth=\dimen331
\everypsbox=\toks49
\psframesep=\dimen332
\pslabelsep=\dimen333
\sh@wgridXunit=\dimen334
\sh@wgridYunit=\dimen335
\pst@shift=\dimen336
\ps@imagectr=\count377

(/usr/share/texlive/texmf-dist/tex/generic/pstricks/pstricks.con))
File: pstricks.tex 2022/01/09 v3.13 `PSTricks' (tvz,hv)

(/usr/share/texlive/texmf-dist/tex/generic/pstricks/pst-fp.tex
`pst-fp' v0.06, 2020/11/20 (hv))
File: pst-fp.tex 2020/11/20 v0.06 `PST-fp' (hv)
)
(/usr/share/texlive/texmf-dist/tex/latex/listings/listings.sty
\lst@mode=\count378
\lst@gtempboxa=\box126
\lst@token=\toks50
\lst@length=\count379
\lst@currlwidth=\dimen337
\lst@column=\count380
\lst@pos=\count381
\lst@lostspace=\dimen338
\lst@width=\dimen339
\lst@newlines=\count382
\lst@lineno=\count383
\lst@maxwidth=\dimen340

(/usr/share/texlive/texmf-dist/tex/latex/listings/lstmisc.sty
File: lstmisc.sty 2020/03/24 1.8d (Carsten Heinz)
\c@lstnumber=\count384
\lst@skipnumbers=\count385
\lst@framebox=\box127
)
(/usr/share/texlive/texmf-dist/tex/latex/listings/listings.cfg
File: listings.cfg 2020/03/24 1.8d listings configuration
))
Package: listings 2020/03/24 1.8d (Carsten Heinz)

(/usr/share/texlive/texmf-dist/tex/latex/stackengine/stackengine.sty
Package: stackengine 2021/07/22 v4.11\ Stacking text and objects in convenient 
ways

(/usr/share/texlive/texmf-dist/tex/generic/listofitems/listofitems.sty
(/usr/share/texlive/texmf-dist/tex/generic/listofitems/listofitems.tex
\loi_cnt_foreach_nest=\count386
\loi_nestcnt=\count387
)
Package: listofitems 2019/08/21 v1.63 Grab items in lists using user-specified 
sep char (CT)
)
(/usr/share/texlive/texmf-dist/tex/latex/tools/calc.sty
Package: calc 2017/05/25 v4.3 Infix arithmetic (KKT,FJ)
\calc@Acount=\count388
\calc@Bcount=\count389
\calc@Adimen=\dimen341
\calc@Bdimen=\dimen342
\calc@Askip=\skip66
\calc@Bskip=\skip67
LaTeX Info: Redefining \setlength on input line 80.
LaTeX Info: Redefining \addtolength on input line 81.
\calc@Ccount=\count390
\calc@Cskip=\skip68
)
\c@@stackindex=\count391
\@boxshift=\skip69
\stack@tmplength=\skip70
\temp@stkl=\skip71
\@stackedboxwidth=\skip72
\@addedbox=\box128
\@anchorbox=\box129
\@insetbox=\box130
\se@backgroundbox=\box131
\stackedbox=\box132
\@centerbox=\box133
\c@ROWcellindex@=\count392
) (./USTC_beamer.sty
(/usr/share/texlive/texmf-dist/tex/latex/beamer/beamerouterthemesmoothbars.sty)
(/usr/share/texlive/texmf-dist/tex/latex/beamer/beamerinnerthemecircles.sty))
(/usr/share/texlive/texmf-dist/tex/latex/svg/svg.sty
Package: svg 2020/11/26 v2.02k (include SVG pictures)

(/usr/share/texlive/texmf-dist/tex/latex/koma-script/scrbase.sty
Package: scrbase 2021/11/13 v3.35 KOMA-Script package (KOMA-Script-independent 
basics and keyval usage)
Applying: [2021/05/01] Usage of raw or classic option list on input line 252.
Already applied: [0000/00/00] Usage of raw or classic option list on input line
 368.
)
(/usr/share/texlive/texmf-dist/tex/latex/trimspaces/trimspaces.sty
Package: trimspaces 2009/09/17 v1.1 Trim spaces around a token list
)
(/usr/share/texlive/texmf-dist/tex/latex/tools/shellesc.sty
Package: shellesc 2019/11/08 v1.0c unified shell escape interface for LaTeX
Package shellesc Info: Unrestricted shell escape enabled on input line 75.
)
(/usr/share/texlive/texmf-dist/tex/latex/ifplatform/ifplatform.sty
Package: ifplatform 2017/10/13 v0.4a Testing for the operating system

(/usr/share/texlive/texmf-dist/tex/generic/catchfile/catchfile.sty
Package: catchfile 2019/12/09 v1.8 Catch the contents of a file (HO)
)
(/usr/share/texlive/texmf-dist/tex/generic/iftex/ifluatex.sty
Package: ifluatex 2019/10/25 v1.5 ifluatex legacy package. Use iftex instead.
)
runsystem(uname -s > "slide.w18")...executed.

 (./slide.w18)
runsystem(rm -- "slide.w18")...executed.

)
\c@svg@param@lastpage=\count393
\svg@box=\box134
\c@svg@param@currpage=\count394
)
(/usr/share/texlive/texmf-dist/tex/latex/transparent/transparent.sty
Package: transparent 2019/11/29 v1.4 Transparency via pdfTeX's color stack (HO)

)
(/usr/share/texlive/texmf-dist/tex/latex/caption/caption.sty
Package: caption 2020/10/26 v3.5g Customizing captions (AR)

(/usr/share/texlive/texmf-dist/tex/latex/caption/caption3.sty
Package: caption3 2020/10/21 v2.2e caption3 kernel (AR)
\captionmargin=\dimen343
\captionmargin@=\dimen344
\captionwidth=\dimen345
\caption@tempdima=\dimen346
\caption@indent=\dimen347
\caption@parindent=\dimen348
\caption@hangindent=\dimen349
Package caption Info: beamer document class detected.

(/usr/share/texlive/texmf-dist/tex/latex/caption/caption-beamer.sto
File: caption-beamer.sto 2020/08/22 v2.0 Adaption of the caption package to the
 beamer document classes (AR)
))
\c@caption@flags=\count395
\c@continuedfloat=\count396
Package caption Info: hyperref package is loaded.
Package caption Info: Hyperref support is turned off
(caption)             because hyperref has stopped early.
Package caption Info: listings package is loaded.
)
(./slide.aux

LaTeX Warning: Label `Grid' multiply defined.


LaTeX Warning: Label `img:Setup' multiply defined.

)
\openout1 = `slide.aux'.

LaTeX Font Info:    Checking defaults for OML/cmm/m/it on input line 50.
LaTeX Font Info:    ... okay on input line 50.
LaTeX Font Info:    Checking defaults for OMS/cmsy/m/n on input line 50.
LaTeX Font Info:    ... okay on input line 50.
LaTeX Font Info:    Checking defaults for OT1/cmr/m/n on input line 50.
LaTeX Font Info:    ... okay on input line 50.
LaTeX Font Info:    Checking defaults for T1/cmr/m/n on input line 50.
LaTeX Font Info:    ... okay on input line 50.
LaTeX Font Info:    Checking defaults for TS1/cmr/m/n on input line 50.
LaTeX Font Info:    ... okay on input line 50.
LaTeX Font Info:    Checking defaults for OMX/cmex/m/n on input line 50.
LaTeX Font Info:    ... okay on input line 50.
LaTeX Font Info:    Checking defaults for U/cmr/m/n on input line 50.
LaTeX Font Info:    ... okay on input line 50.
LaTeX Font Info:    Checking defaults for PD1/pdf/m/n on input line 50.
LaTeX Font Info:    ... okay on input line 50.
LaTeX Font Info:    Checking defaults for PU/pdf/m/n on input line 50.
LaTeX Font Info:    ... okay on input line 50.

*geometry* driver: auto-detecting
*geometry* detected driver: pdftex
*geometry* verbose mode - [ preamble ] result:
* driver: pdftex
* paper: custom
* layout: <same size as paper>
* layoutoffset:(h,v)=(0.0pt,0.0pt)
* modes: includehead includefoot 
* h-part:(L,W,R)=(28.45274pt, 307.28987pt, 28.45274pt)
* v-part:(T,H,B)=(0.0pt, 273.14662pt, 0.0pt)
* \paperwidth=364.19536pt
* \paperheight=273.14662pt
* \textwidth=307.28987pt
* \textheight=244.6939pt
* \oddsidemargin=-43.81725pt
* \evensidemargin=-43.81725pt
* \topmargin=-72.26999pt
* \headheight=14.22636pt
* \headsep=0.0pt
* \topskip=11.0pt
* \footskip=14.22636pt
* \marginparwidth=4.0pt
* \marginparsep=10.0pt
* \columnsep=10.0pt
* \skip\footins=10.0pt plus 4.0pt minus 2.0pt
* \hoffset=0.0pt
* \voffset=0.0pt
* \mag=1000
* \@twocolumnfalse
* \@twosidefalse
* \@mparswitchfalse
* \@reversemarginfalse
* (1in=72.27pt=25.4mm, 1cm=28.453pt)

(/usr/share/texlive/texmf-dist/tex/context/base/mkii/supp-pdf.mkii
[Loading MPS to PDF converter (version 2006.09.02).]
\scratchcounter=\count397
\scratchdimen=\dimen350
\scratchbox=\box135
\nofMPsegments=\count398
\nofMParguments=\count399
\everyMPshowfont=\toks51
\MPscratchCnt=\count400
\MPscratchDim=\dimen351
\MPnumerator=\count401
\makeMPintoPDFobject=\count402
\everyMPtoPDFconversion=\toks52
) (/usr/share/texlive/texmf-dist/tex/latex/epstopdf-pkg/epstopdf-base.sty
Package: epstopdf-base 2020-01-24 v2.11 Base part for package epstopdf
Package epstopdf-base Info: Redefining graphics rule for `.eps' on input line 4
85.

(/usr/share/texlive/texmf-dist/tex/latex/latexconfig/epstopdf-sys.cfg
File: epstopdf-sys.cfg 2010/07/13 v1.3 Configuration of (r)epstopdf for TeX Liv
e
))
Package hyperref Info: Link coloring ON on input line 50.

(/usr/share/texlive/texmf-dist/tex/latex/hyperref/nameref.sty
Package: nameref 2021-04-02 v2.47 Cross-referencing by name of section

(/usr/share/texlive/texmf-dist/tex/latex/refcount/refcount.sty
Package: refcount 2019/12/15 v3.6 Data extraction from label references (HO)
)
(/usr/share/texlive/texmf-dist/tex/generic/gettitlestring/gettitlestring.sty
Package: gettitlestring 2019/12/15 v1.6 Cleanup title references (HO)
)
\c@section@level=\count403
)
LaTeX Info: Redefining \ref on input line 50.
LaTeX Info: Redefining \pageref on input line 50.
LaTeX Info: Redefining \nameref on input line 50.

(./slide.out) (./slide.out)
\@outlinefile=\write5
\openout5 = `slide.out'.

LaTeX Font Info:    Overwriting symbol font `operators' in version `normal'
(Font)                  OT1/cmr/m/n --> OT1/cmss/m/n on input line 50.
LaTeX Font Info:    Overwriting symbol font `operators' in version `bold'
(Font)                  OT1/cmr/bx/n --> OT1/cmss/b/n on input line 50.
\symnumbers=\mathgroup7
\sympureletters=\mathgroup8
LaTeX Font Info:    Overwriting math alphabet `\mathrm' in version `normal'
(Font)                  OT1/cmss/m/n --> T1/cmr/m/n on input line 50.
LaTeX Font Info:    Redeclaring math alphabet \mathbf on input line 50.
LaTeX Font Info:    Overwriting math alphabet `\mathbf' in version `normal'
(Font)                  OT1/cmr/bx/n --> T1/cmss/b/n on input line 50.
LaTeX Font Info:    Overwriting math alphabet `\mathbf' in version `bold'
(Font)                  OT1/cmr/bx/n --> T1/cmss/b/n on input line 50.
LaTeX Font Info:    Redeclaring math alphabet \mathsf on input line 50.
LaTeX Font Info:    Overwriting math alphabet `\mathsf' in version `normal'
(Font)                  OT1/cmss/m/n --> T1/cmss/m/n on input line 50.
LaTeX Font Info:    Overwriting math alphabet `\mathsf' in version `bold'
(Font)                  OT1/cmss/bx/n --> T1/cmss/m/n on input line 50.
LaTeX Font Info:    Redeclaring math alphabet \mathit on input line 50.
LaTeX Font Info:    Overwriting math alphabet `\mathit' in version `normal'
(Font)                  OT1/cmr/m/it --> T1/cmss/m/it on input line 50.
LaTeX Font Info:    Overwriting math alphabet `\mathit' in version `bold'
(Font)                  OT1/cmr/bx/it --> T1/cmss/m/it on input line 50.
LaTeX Font Info:    Redeclaring math alphabet \mathtt on input line 50.
LaTeX Font Info:    Overwriting math alphabet `\mathtt' in version `normal'
(Font)                  OT1/cmtt/m/n --> T1/cmtt/m/n on input line 50.
LaTeX Font Info:    Overwriting math alphabet `\mathtt' in version `bold'
(Font)                  OT1/cmtt/m/n --> T1/cmtt/m/n on input line 50.
LaTeX Font Info:    Overwriting symbol font `numbers' in version `bold'
(Font)                  T1/cmss/m/n --> T1/cmss/b/n on input line 50.
LaTeX Font Info:    Overwriting symbol font `pureletters' in version `bold'
(Font)                  T1/cmss/m/it --> T1/cmss/b/it on input line 50.
LaTeX Font Info:    Overwriting math alphabet `\mathrm' in version `bold'
(Font)                  OT1/cmss/b/n --> T1/cmr/b/n on input line 50.
LaTeX Font Info:    Overwriting math alphabet `\mathbf' in version `bold'
(Font)                  T1/cmss/b/n --> T1/cmss/b/n on input line 50.
LaTeX Font Info:    Overwriting math alphabet `\mathsf' in version `bold'
(Font)                  T1/cmss/m/n --> T1/cmss/b/n on input line 50.
LaTeX Font Info:    Overwriting math alphabet `\mathit' in version `bold'
(Font)                  T1/cmss/m/it --> T1/cmss/b/it on input line 50.
LaTeX Font Info:    Overwriting math alphabet `\mathtt' in version `bold'
(Font)                  T1/cmtt/m/n --> T1/cmtt/b/n on input line 50.
LaTeX Font Info:    Redeclaring symbol font `pureletters' on input line 50.
LaTeX Font Info:    Encoding `T1' has changed to `OT1' for symbol font
(Font)              `pureletters' in the math version `normal' on input line 50
.
LaTeX Font Info:    Overwriting symbol font `pureletters' in version `normal'
(Font)                  T1/cmss/m/it --> OT1/mathkerncmss/m/sl on input line 50
.
LaTeX Font Info:    Encoding `T1' has changed to `OT1' for symbol font
(Font)              `pureletters' in the math version `bold' on input line 50.
LaTeX Font Info:    Overwriting symbol font `pureletters' in version `bold'
(Font)                  T1/cmss/b/it --> OT1/mathkerncmss/m/sl on input line 50
.
LaTeX Font Info:    Overwriting symbol font `pureletters' in version `bold'
(Font)                  OT1/mathkerncmss/m/sl --> OT1/mathkerncmss/bx/sl on inp
ut line 50.

(/usr/share/texlive/texmf-dist/tex/latex/translator/translator-basic-dictionary
-English.dict
Dictionary: translator-basic-dictionary, Language: English 
)
(/usr/share/texlive/texmf-dist/tex/latex/translator/translator-bibliography-dic
tionary-English.dict
Dictionary: translator-bibliography-dictionary, Language: English 
)
(/usr/share/texlive/texmf-dist/tex/latex/translator/translator-environment-dict
ionary-English.dict
Dictionary: translator-environment-dictionary, Language: English 
)
(/usr/share/texlive/texmf-dist/tex/latex/translator/translator-months-dictionar
y-English.dict
Dictionary: translator-months-dictionary, Language: English 
)
(/usr/share/texlive/texmf-dist/tex/latex/translator/translator-numbers-dictiona
ry-English.dict
Dictionary: translator-numbers-dictionary, Language: English 
)
(/usr/share/texlive/texmf-dist/tex/latex/translator/translator-theorem-dictiona
ry-English.dict
Dictionary: translator-theorem-dictionary, Language: English 
)
\c@lstlisting=\count404
Package caption Info: Begin \AtBeginDocument code.
Package caption Info: End \AtBeginDocument code.
 (./slide.nav)
<Pictures/JNCASR_Logo.png, id=100, 225.84375pt x 225.84375pt>
File: Pictures/JNCASR_Logo.png Graphic file (type png)
<use Pictures/JNCASR_Logo.png>
Package pdftex.def Info: Pictures/JNCASR_Logo.png  used on input line 63.
(pdftex.def)             Requested size: 61.45703pt x 61.45763pt.
 [1
Non-PDF special ignored!
<special> header=pstricks.pro
Non-PDF special ignored!
<special> header=pst-algparser.pro
Non-PDF special ignored!
<special> header=pst-tools.pro
Non-PDF special ignored!
<special> header=pst-dots.pro
{/var/lib/texmf/fonts/map/pdftex/updmap/pdftex.map}


Non-PDF special ignored!
<special> ps: /pssetRGBcolor /setrgbcolor load def /pssetCMYKcolor /setcmyk...
Non-PDF special ignored!
<special> ps:tx@Dict begin  gsave STV CP T /ps@rot 0 def grestore  end
Non-PDF special ignored!
<special> ps:tx@Dict begin  gsave STV CP T /ps@refangle 0.  def grestore  e...
Non-PDF special ignored!
<special> ps:0.8 setlinewidth 0 setgray
 <./Pictures/JNCASR_Logo.png (PNG copy)>] (./slide.toc) [2

] (./slide.toc)
[3

] (./slide.toc) [4

]
LaTeX Font Info:    Trying to load font information for U+msa on input line 84.

 (/usr/share/texlive/texmf-dist/tex/latex/amsfonts/umsa.fd
File: umsa.fd 2013/01/14 v3.01 AMS symbols A
)
LaTeX Font Info:    Trying to load font information for U+msb on input line 84.

 (/usr/share/texlive/texmf-dist/tex/latex/amsfonts/umsb.fd
File: umsb.fd 2013/01/14 v3.01 AMS symbols B
)
LaTeX Font Info:    Trying to load font information for U+lasy on input line 84
.

(/usr/share/texlive/texmf-dist/tex/latex/base/ulasy.fd
File: ulasy.fd 1998/08/17 v2.2e LaTeX symbol font definitions
)
LaTeX Font Info:    Trying to load font information for OT1+mathkerncmss on inp
ut line 84.

(/usr/share/texlive/texmf-dist/tex/latex/sansmathaccent/ot1mathkerncmss.fd
File: ot1mathkerncmss.fd 2020/01/31 Fontinst v1.933 font definitions for OT1/ma
thkerncmss.
)
[5

] [6

] [7

] (./slide.toc) [8

] [9

] [10

] [11

] [12

] [13

]
<Pictures/Literature/Bound_Refl.png, id=687, 623.32875pt x 174.6525pt>
File: Pictures/Literature/Bound_Refl.png Graphic file (type png)
<use Pictures/Literature/Bound_Refl.png>
Package pdftex.def Info: Pictures/Literature/Bound_Refl.png  used on input line
 125.
(pdftex.def)             Requested size: 153.64493pt x 43.05006pt.
 [14

 <./Pictures/Literature/Bound_Refl.png>]
File: Pictures/Literature/Bound_Refl.png Graphic file (type png)
<use Pictures/Literature/Bound_Refl.png>
Package pdftex.def Info: Pictures/Literature/Bound_Refl.png  used on input line
 125.
(pdftex.def)             Requested size: 153.64493pt x 43.05006pt.
 [15

] [16

] [17

] [18

] [19

] [20

] (./slide.toc) [21

]

Package hyperref Warning: Token not allowed in a PDF string (Unicode):
(hyperref)                removing `\@ifnextchar' on input line 167.

(./slide.toc) [22

]
<Pictures/Literature/Grid.png, id=1075, 532.99126pt x 530.98375pt>
File: Pictures/Literature/Grid.png Graphic file (type png)
<use Pictures/Literature/Grid.png>
Package pdftex.def Info: Pictures/Literature/Grid.png  used on input line 192.
(pdftex.def)             Requested size: 153.64493pt x 153.0658pt.
pdfTeX warning (ext4): destination with the same identifier (name{Grid}) has be
en already used, duplicate ignored
<to be read again> 
                   \relax 
l.192         \end{frame}
                          [23

 <./Pictures/Literature/Grid.png>]
File: Pictures/Literature/Grid.png Graphic file (type png)
<use Pictures/Literature/Grid.png>
Package pdftex.def Info: Pictures/Literature/Grid.png  used on input line 192.
(pdftex.def)             Requested size: 153.64493pt x 153.0658pt.
 [24

]
File: Pictures/Literature/Grid.png Graphic file (type png)
<use Pictures/Literature/Grid.png>
Package pdftex.def Info: Pictures/Literature/Grid.png  used on input line 192.
(pdftex.def)             Requested size: 153.64493pt x 153.0658pt.
 [25

]
<Pictures/Literature/GPU.png, id=1201, 554.07pt x 442.65375pt>
File: Pictures/Literature/GPU.png Graphic file (type png)
<use Pictures/Literature/GPU.png>
Package pdftex.def Info: Pictures/Literature/GPU.png  used on input line 217.
(pdftex.def)             Requested size: 153.64493pt x 122.74667pt.

[26

 <./Pictures/Literature/GPU.png>]
File: Pictures/Literature/GPU.png Graphic file (type png)
<use Pictures/Literature/GPU.png>
Package pdftex.def Info: Pictures/Literature/GPU.png  used on input line 217.
(pdftex.def)             Requested size: 153.64493pt x 122.74667pt.
 [27

]
File: Pictures/Literature/GPU.png Graphic file (type png)
<use Pictures/Literature/GPU.png>
Package pdftex.def Info: Pictures/Literature/GPU.png  used on input line 217.
(pdftex.def)             Requested size: 153.64493pt x 122.74667pt.
 [28

]

Package hyperref Warning: Token not allowed in a PDF string (Unicode):
(hyperref)                removing `\@ifnextchar' on input line 219.

(./slide.toc) [29

]
<Pictures/Literature/Vortex_Shedding.png, id=1381, 525.965pt x 371.3875pt>
File: Pictures/Literature/Vortex_Shedding.png Graphic file (type png)
<use Pictures/Literature/Vortex_Shedding.png>
Package pdftex.def Info: Pictures/Literature/Vortex_Shedding.png  used on input
 line 246.
(pdftex.def)             Requested size: 153.64493pt x 108.4873pt.
 [30

 <./Pictures/Literature/Vortex_Shedding.png>]
File: Pictures/Literature/Vortex_Shedding.png Graphic file (type png)
<use Pictures/Literature/Vortex_Shedding.png>
Package pdftex.def Info: Pictures/Literature/Vortex_Shedding.png  used on input
 line 246.
(pdftex.def)             Requested size: 153.64493pt x 108.4873pt.
 [31

]
<Pictures/Literature/Outlet.png, id=1469, 828.09375pt x 409.53pt>
File: Pictures/Literature/Outlet.png Graphic file (type png)
<use Pictures/Literature/Outlet.png>
Package pdftex.def Info: Pictures/Literature/Outlet.png  used on input line 269
.
(pdftex.def)             Requested size: 153.64493pt x 75.98058pt.

[32

 <./Pictures/Literature/Outlet.png>]
File: Pictures/Literature/Outlet.png Graphic file (type png)
<use Pictures/Literature/Outlet.png>
Package pdftex.def Info: Pictures/Literature/Outlet.png  used on input line 269
.
(pdftex.def)             Requested size: 153.64493pt x 75.98058pt.
 [33

]
<Pictures/Literature/Compare.png, id=1554, 1059.96pt x 498.86375pt>
File: Pictures/Literature/Compare.png Graphic file (type png)
<use Pictures/Literature/Compare.png>
Package pdftex.def Info: Pictures/Literature/Compare.png  used on input line 28
6.
(pdftex.def)             Requested size: 215.10196pt x 101.23248pt.
 [34

 <./Pictures/Literature/Compare.png>]
File: Pictures/Literature/Compare.png Graphic file (type png)
<use Pictures/Literature/Compare.png>
Package pdftex.def Info: Pictures/Literature/Compare.png  used on input line 28
6.
(pdftex.def)             Requested size: 215.10196pt x 101.23248pt.
 [35

] (./slide.toc) [36

] (./slide.toc) [37

]
Overfull \hbox (4.58911pt too wide) detected at line 321
\OML/cmm/m/it/10.95 ^^U \OT1/cmss/m/n/10.95 = \T1/cmss/m/n/10.95 10[]\OT1/mathk
erncmss/m/sl/10.95 m \OT1/cmss/m/n/10.95 ^^A\OT1/mathkerncmss/m/sl/10.95 t \OT1
/cmss/m/n/10.95 = \T1/cmss/m/n/10.95 10[]\OT1/mathkerncmss/m/sl/10.95 s
 []


Overfull \hbox (18.56673pt too wide) detected at line 321
\OT1/mathkerncmss/m/sl/10.95 N \OT1/cmss/m/n/10.95 = \T1/cmss/m/n/10.95 1\OML/c
mm/m/it/10.95 :\T1/cmss/m/n/10.95 682 \OMS/cmsy/m/n/10.95 ^^B \T1/cmss/m/n/10.9
5 10[] \OT1/mathkerncmss/m/sl/10.95 t[] \OT1/cmss/m/n/10.95 = \T1/cmss/m/n/10.9
5 71\OT1/mathkerncmss/m/sl/10.95 ns
 []

<Pictures/1D_Fourier_Flow/Setup.png, id=1736, 598.48593pt x 266.49562pt>
File: Pictures/1D_Fourier_Flow/Setup.png Graphic file (type png)
<use Pictures/1D_Fourier_Flow/Setup.png>
Package pdftex.def Info: Pictures/1D_Fourier_Flow/Setup.png  used on input line
 321.
(pdftex.def)             Requested size: 153.64493pt x 68.41295pt.
[38

 <./Pictures/1D_Fourier_Flow/Setup.png>]
Overfull \hbox (4.58911pt too wide) detected at line 321
\OML/cmm/m/it/10.95 ^^U \OT1/cmss/m/n/10.95 = \T1/cmss/m/n/10.95 10[]\OT1/mathk
erncmss/m/sl/10.95 m \OT1/cmss/m/n/10.95 ^^A\OT1/mathkerncmss/m/sl/10.95 t \OT1
/cmss/m/n/10.95 = \T1/cmss/m/n/10.95 10[]\OT1/mathkerncmss/m/sl/10.95 s
 []


Overfull \hbox (18.56673pt too wide) detected at line 321
\OT1/mathkerncmss/m/sl/10.95 N \OT1/cmss/m/n/10.95 = \T1/cmss/m/n/10.95 1\OML/c
mm/m/it/10.95 :\T1/cmss/m/n/10.95 682 \OMS/cmsy/m/n/10.95 ^^B \T1/cmss/m/n/10.9
5 10[] \OT1/mathkerncmss/m/sl/10.95 t[] \OT1/cmss/m/n/10.95 = \T1/cmss/m/n/10.9
5 71\OT1/mathkerncmss/m/sl/10.95 ns
 []

File: Pictures/1D_Fourier_Flow/Setup.png Graphic file (type png)
<use Pictures/1D_Fourier_Flow/Setup.png>
Package pdftex.def Info: Pictures/1D_Fourier_Flow/Setup.png  used on input line
 321.
(pdftex.def)             Requested size: 153.64493pt x 68.41295pt.
[39

]
Package svg Info: Last page of `./svg-inkscape/Temperature_0.010000_sec_20ppgc_
svg-tex.pdf' is 1 on input line 344.
 (./svg-inkscape/Temperature_0.010000_sec_20ppgc_svg-tex.pdf_tex
<./svg-inkscape/Temperature_0.010000_sec_20ppgc_svg-tex.pdf, id=1824, page=1, 5
26.96875pt x 526.96875pt>
File: ./svg-inkscape/Temperature_0.010000_sec_20ppgc_svg-tex.pdf Graphic file (
type pdf)
<use ./svg-inkscape/Temperature_0.010000_sec_20ppgc_svg-tex.pdf, page 1>
Package pdftex.def Info: ./svg-inkscape/Temperature_0.010000_sec_20ppgc_svg-tex
.pdf , page1 used on input line 56.
(pdftex.def)             Requested size: 153.64493pt x 153.64523pt.
) [40

 <./svg-inkscape/Temperature_0.010000_sec_20ppgc_svg-tex.pdf>]
Package svg Info: Last page of `./svg-inkscape/Temperature_0.010000_sec_20ppgc_
svg-tex.pdf' is 1 on input line 344.

(./svg-inkscape/Temperature_0.010000_sec_20ppgc_svg-tex.pdf_tex
File: ./svg-inkscape/Temperature_0.010000_sec_20ppgc_svg-tex.pdf Graphic file (
type pdf)
<use ./svg-inkscape/Temperature_0.010000_sec_20ppgc_svg-tex.pdf, page 1>
Package pdftex.def Info: ./svg-inkscape/Temperature_0.010000_sec_20ppgc_svg-tex
.pdf , page1 used on input line 56.
(pdftex.def)             Requested size: 153.64493pt x 153.64523pt.
) [41

]
Package svg Info: Last page of `./svg-inkscape/Temperature_0.010000_sec_100ppgc
_svg-tex.pdf' is 1 on input line 369.

(./svg-inkscape/Temperature_0.010000_sec_100ppgc_svg-tex.pdf_tex
<./svg-inkscape/Temperature_0.010000_sec_100ppgc_svg-tex.pdf, id=1912, page=1, 
526.96875pt x 526.96875pt>
File: ./svg-inkscape/Temperature_0.010000_sec_100ppgc_svg-tex.pdf Graphic file 
(type pdf)
<use ./svg-inkscape/Temperature_0.010000_sec_100ppgc_svg-tex.pdf, page 1>
Package pdftex.def Info: ./svg-inkscape/Temperature_0.010000_sec_100ppgc_svg-te
x.pdf , page1 used on input line 56.
(pdftex.def)             Requested size: 153.64493pt x 153.64523pt.
) [42

 <./svg-inkscape/Temperature_0.010000_sec_100ppgc_svg-tex.pdf>]
Package svg Info: Last page of `./svg-inkscape/Temperature_0.010000_sec_100ppgc
_svg-tex.pdf' is 1 on input line 369.

(./svg-inkscape/Temperature_0.010000_sec_100ppgc_svg-tex.pdf_tex
File: ./svg-inkscape/Temperature_0.010000_sec_100ppgc_svg-tex.pdf Graphic file 
(type pdf)
<use ./svg-inkscape/Temperature_0.010000_sec_100ppgc_svg-tex.pdf, page 1>
Package pdftex.def Info: ./svg-inkscape/Temperature_0.010000_sec_100ppgc_svg-te
x.pdf , page1 used on input line 56.
(pdftex.def)             Requested size: 153.64493pt x 153.64523pt.
) [43

]
Package svg Info: Last page of `./svg-inkscape/Temperature_0.010000_sec_100ppgc
_svg-tex.pdf' is 1 on input line 369.

(./svg-inkscape/Temperature_0.010000_sec_100ppgc_svg-tex.pdf_tex
File: ./svg-inkscape/Temperature_0.010000_sec_100ppgc_svg-tex.pdf Graphic file 
(type pdf)
<use ./svg-inkscape/Temperature_0.010000_sec_100ppgc_svg-tex.pdf, page 1>
Package pdftex.def Info: ./svg-inkscape/Temperature_0.010000_sec_100ppgc_svg-te
x.pdf , page1 used on input line 56.
(pdftex.def)             Requested size: 153.64493pt x 153.64523pt.
) [44

]
Package svg Info: Last page of `./svg-inkscape/Temperature_0.010000_sec_200g_sv
g-tex.pdf' is 1 on input line 394.

(./svg-inkscape/Temperature_0.010000_sec_200g_svg-tex.pdf_tex
<./svg-inkscape/Temperature_0.010000_sec_200g_svg-tex.pdf, id=2043, page=1, 526
.96875pt x 526.96875pt>
File: ./svg-inkscape/Temperature_0.010000_sec_200g_svg-tex.pdf Graphic file (ty
pe pdf)
<use ./svg-inkscape/Temperature_0.010000_sec_200g_svg-tex.pdf, page 1>
Package pdftex.def Info: ./svg-inkscape/Temperature_0.010000_sec_200g_svg-tex.p
df , page1 used on input line 56.
(pdftex.def)             Requested size: 153.64493pt x 153.64523pt.
) [45

 <./svg-inkscape/Temperature_0.010000_sec_200g_svg-tex.pdf>]
Package svg Info: Last page of `./svg-inkscape/Temperature_0.010000_sec_200g_sv
g-tex.pdf' is 1 on input line 394.

(./svg-inkscape/Temperature_0.010000_sec_200g_svg-tex.pdf_tex
File: ./svg-inkscape/Temperature_0.010000_sec_200g_svg-tex.pdf Graphic file (ty
pe pdf)
<use ./svg-inkscape/Temperature_0.010000_sec_200g_svg-tex.pdf, page 1>
Package pdftex.def Info: ./svg-inkscape/Temperature_0.010000_sec_200g_svg-tex.p
df , page1 used on input line 56.
(pdftex.def)             Requested size: 153.64493pt x 153.64523pt.
) [46

]
Package svg Info: Last page of `./svg-inkscape/Temperature_0.010000_sec_200g_sv
g-tex.pdf' is 1 on input line 394.

(./svg-inkscape/Temperature_0.010000_sec_200g_svg-tex.pdf_tex
File: ./svg-inkscape/Temperature_0.010000_sec_200g_svg-tex.pdf Graphic file (ty
pe pdf)
<use ./svg-inkscape/Temperature_0.010000_sec_200g_svg-tex.pdf, page 1>
Package pdftex.def Info: ./svg-inkscape/Temperature_0.010000_sec_200g_svg-tex.p
df , page1 used on input line 56.
(pdftex.def)             Requested size: 153.64493pt x 153.64523pt.
) [47

]
(./slide.toc) [48

]
Overfull \hbox (4.58911pt too wide) detected at line 427
\OML/cmm/m/it/10.95 ^^U \OT1/cmss/m/n/10.95 = \T1/cmss/m/n/10.95 10[]\OT1/mathk
erncmss/m/sl/10.95 m \OT1/cmss/m/n/10.95 ^^A\OT1/mathkerncmss/m/sl/10.95 t \OT1
/cmss/m/n/10.95 = \T1/cmss/m/n/10.95 10[]\OT1/mathkerncmss/m/sl/10.95 s
 []


Overfull \hbox (13.12672pt too wide) detected at line 427
\OT1/mathkerncmss/m/sl/10.95 N \OT1/cmss/m/n/10.95 = \T1/cmss/m/n/10.95 8\OML/c
mm/m/it/10.95 :\T1/cmss/m/n/10.95 41 \OMS/cmsy/m/n/10.95 ^^B \T1/cmss/m/n/10.95
 10[] \OT1/mathkerncmss/m/sl/10.95 t[] \OT1/cmss/m/n/10.95 = \T1/cmss/m/n/10.95
 71\OT1/mathkerncmss/m/sl/10.95 ns
 []

File: Pictures/1D_Fourier_Flow/Setup.png Graphic file (type png)
<use Pictures/1D_Fourier_Flow/Setup.png>
Package pdftex.def Info: Pictures/1D_Fourier_Flow/Setup.png  used on input line
 427.
(pdftex.def)             Requested size: 153.64493pt x 68.41295pt.
pdfTeX warning (ext4): destination with the same identifier (name{img:Setup}) h
as been already used, duplicate ignored
<to be read again> 
                   \relax 
l.427         \end{frame}
                          [49

]
Overfull \hbox (4.58911pt too wide) detected at line 427
\OML/cmm/m/it/10.95 ^^U \OT1/cmss/m/n/10.95 = \T1/cmss/m/n/10.95 10[]\OT1/mathk
erncmss/m/sl/10.95 m \OT1/cmss/m/n/10.95 ^^A\OT1/mathkerncmss/m/sl/10.95 t \OT1
/cmss/m/n/10.95 = \T1/cmss/m/n/10.95 10[]\OT1/mathkerncmss/m/sl/10.95 s
 []


Overfull \hbox (13.12672pt too wide) detected at line 427
\OT1/mathkerncmss/m/sl/10.95 N \OT1/cmss/m/n/10.95 = \T1/cmss/m/n/10.95 8\OML/c
mm/m/it/10.95 :\T1/cmss/m/n/10.95 41 \OMS/cmsy/m/n/10.95 ^^B \T1/cmss/m/n/10.95
 10[] \OT1/mathkerncmss/m/sl/10.95 t[] \OT1/cmss/m/n/10.95 = \T1/cmss/m/n/10.95
 71\OT1/mathkerncmss/m/sl/10.95 ns
 []

File: Pictures/1D_Fourier_Flow/Setup.png Graphic file (type png)
<use Pictures/1D_Fourier_Flow/Setup.png>
Package pdftex.def Info: Pictures/1D_Fourier_Flow/Setup.png  used on input line
 427.
(pdftex.def)             Requested size: 153.64493pt x 68.41295pt.
[50

]
Package svg Info: Last page of `./svg-inkscape/Temperature_0.010000_sec_kn0.02_
svg-tex.pdf' is 1 on input line 452.
 (./svg-inkscape/Temperature_0.010000_sec_kn0.02_svg-tex.pdf_tex
<./svg-inkscape/Temperature_0.010000_sec_kn0.02_svg-tex.pdf, id=2304, page=1, 5
26.96875pt x 526.96875pt>
File: ./svg-inkscape/Temperature_0.010000_sec_kn0.02_svg-tex.pdf Graphic file (
type pdf)
<use ./svg-inkscape/Temperature_0.010000_sec_kn0.02_svg-tex.pdf, page 1>
Package pdftex.def Info: ./svg-inkscape/Temperature_0.010000_sec_kn0.02_svg-tex
.pdf , page1 used on input line 56.
(pdftex.def)             Requested size: 153.64493pt x 153.64523pt.
) [51

 <./svg-inkscape/Temperature_0.010000_sec_kn0.02_svg-tex.pdf>]
Package svg Info: Last page of `./svg-inkscape/Temperature_0.010000_sec_kn0.02_
svg-tex.pdf' is 1 on input line 452.

(./svg-inkscape/Temperature_0.010000_sec_kn0.02_svg-tex.pdf_tex
File: ./svg-inkscape/Temperature_0.010000_sec_kn0.02_svg-tex.pdf Graphic file (
type pdf)
<use ./svg-inkscape/Temperature_0.010000_sec_kn0.02_svg-tex.pdf, page 1>
Package pdftex.def Info: ./svg-inkscape/Temperature_0.010000_sec_kn0.02_svg-tex
.pdf , page1 used on input line 56.
(pdftex.def)             Requested size: 153.64493pt x 153.64523pt.
) [52

]
Package svg Info: Last page of `./svg-inkscape/Temperature_0.010000_sec_kn0.02_
svg-tex.pdf' is 1 on input line 452.

(./svg-inkscape/Temperature_0.010000_sec_kn0.02_svg-tex.pdf_tex
File: ./svg-inkscape/Temperature_0.010000_sec_kn0.02_svg-tex.pdf Graphic file (
type pdf)
<use ./svg-inkscape/Temperature_0.010000_sec_kn0.02_svg-tex.pdf, page 1>
Package pdftex.def Info: ./svg-inkscape/Temperature_0.010000_sec_kn0.02_svg-tex
.pdf , page1 used on input line 56.
(pdftex.def)             Requested size: 153.64493pt x 153.64523pt.
) [53

]
(./slide.toc) [54

] [55

] (./slide.toc) [56

] (./slide.bbl) [57

]
\tf@nav=\write6
\openout6 = `slide.nav'.

\tf@toc=\write7
\openout7 = `slide.toc'.

\tf@snm=\write8
\openout8 = `slide.snm'.

 (./slide.aux)

LaTeX Warning: There were multiply-defined labels.

Package rerunfilecheck Info: File `slide.out' has not changed.
(rerunfilecheck)             Checksum: BE2F2EB0D27904861DE0D3C2A55418C2;2542.
 ) 
Here is how much of TeX's memory you used:
 29422 strings out of 478287
 568732 string characters out of 5849289
 879626 words of memory out of 5000000
 46807 multiletter control sequences out of 15000+600000
 483470 words of font info for 63 fonts, out of 8000000 for 9000
 1141 hyphenation exceptions out of 8191
 128i,20n,122p,591b,985s stack positions out of 5000i,500n,10000p,200000b,80000s
{/usr/share/texmf/fonts/enc/dvips/cm-super/cm-super-t1.enc}</usr/share/texliv
e/texmf-dist/fonts/type1/public/amsfonts/cm/cmex10.pfb></usr/share/texlive/texm
f-dist/fonts/type1/public/amsfonts/cm/cmmi10.pfb></usr/share/texlive/texmf-dist
/fonts/type1/public/amsfonts/cm/cmss10.pfb></usr/share/texlive/texmf-dist/fonts
/type1/public/amsfonts/cm/cmss8.pfb></usr/share/texlive/texmf-dist/fonts/type1/
public/amsfonts/cm/cmssi10.pfb></usr/share/texlive/texmf-dist/fonts/type1/publi
c/amsfonts/cm/cmssi8.pfb></usr/share/texlive/texmf-dist/fonts/type1/public/amsf
onts/cm/cmsy10.pfb></usr/share/texlive/texmf-dist/fonts/type1/public/amsfonts/c
m/cmsy8.pfb></usr/share/texmf/fonts/type1/public/cm-super/sfsi1095.pfb></usr/sh
are/texmf/fonts/type1/public/cm-super/sfss0600.pfb></usr/share/texmf/fonts/type
1/public/cm-super/sfss0800.pfb></usr/share/texmf/fonts/type1/public/cm-super/sf
ss0900.pfb></usr/share/texmf/fonts/type1/public/cm-super/sfss1000.pfb></usr/sha
re/texmf/fonts/type1/public/cm-super/sfss1095.pfb></usr/share/texmf/fonts/type1
/public/cm-super/sfss1200.pfb></usr/share/texmf/fonts/type1/public/cm-super/sfs
s1440.pfb></usr/share/texmf/fonts/type1/public/cm-super/sfsx1095.pfb>
Output written on slide.pdf (57 pages, 1566843 bytes).
PDF statistics:
 2708 PDF objects out of 2984 (max. 8388607)
 2515 compressed objects within 26 object streams
 139 named destinations out of 1000 (max. 500000)
 276 words of extra memory for PDF output out of 10000 (max. 10000000)

